{"name": "test_purchase_of_goods", "status": "broken", "statusDetails": {"message": "selenium.common.exceptions.StaleElementReferenceException: Message: stale element reference: stale element not found\n  (Session info: chrome=126.0.6478.114); For documentation on this error, please visit: https://www.selenium.dev/documentation/webdriver/troubleshooting/errors#stale-element-reference-exception\nStacktrace:\n\tGetHandleVerifier [0x012DC1C3+27395]\n\t(No symbol) [0x01273DC4]\n\t(No symbol) [0x01171B7F]\n\t(No symbol) [0x0117FE47]\n\t(No symbol) [0x0118063E]\n\t(No symbol) [0x0117774B]\n\t(No symbol) [0x01180664]\n\t(No symbol) [0x0117774B]\n\t(No symbol) [0x01175A84]\n\t(No symbol) [0x01178B7F]\n\t(No symbol) [0x011ED51B]\n\t(No symbol) [0x011D399C]\n\t(No symbol) [0x011ECB24]\n\t(No symbol) [0x011D3736]\n\t(No symbol) [0x011A7541]\n\t(No symbol) [0x011A80BD]\n\tGetHandleVerifier [0x01593A93+2876371]\n\tGetHandleVerifier [0x015E7F5D+3221661]\n\tGetHandleVerifier [0x0135D634+556916]\n\tGetHandleVerifier [0x0136474C+585868]\n\t(No symbol) [0x0127CE04]\n\t(No symbol) [0x01279818]\n\t(No symbol) [0x012799B7]\n\t(No symbol) [0x0126BF0E]\n\tBaseThreadInitThunk [0x75990419+25]\n\tRtlGetAppContainerNamedObjectPath [0x773A662D+237]\n\tRtlGetAppContainerNamedObjectPath [0x773A65FD+189]", "trace": "browser = <selenium.webdriver.chrome.webdriver.WebDriver (session=\"e51271523c6c6b55e5e076dd83e43157\")>\n\n    def test_purchase_of_goods(browser):\n        \"\"\"\n        SMK-6. Purchase of goods\n        \"\"\"\n        # Переходим на адрес тестируемой страницы\n        browser.get(URL)\n    \n        # Ищем кнопку \"Принять\"\n        #button = browser.find_element(By.CSS_SELECTOR, value=\"div[class*='AgreementCookie'] button[class*='blue-primary']\")\n    \n        time.sleep(5)\n    \n        # Проверяем текст на кнопке\n        #assert button.text == 'Принять', \"Unexpected text on button\"\n        # Кликаем по кнопке\n        #button.click()\n    \n        # Ищем кнопку \"Аккаунт\"\n        button = browser.find_element(By.CSS_SELECTOR, value='span.userToolsText')\n        # Проверяем текст на кнопке\n        assert button.text == 'Аккаунт', \"Unexpected text on button\"\n        # Кликаем по кнопке\n        button.click()\n    \n        # Ищем кнопку \"Войти\"\n        button = browser.find_element(By.CSS_SELECTOR, value=\"div[class*='userTools'] div[class*='buttonText']\")\n        # Проверяем текст на кнопке\n        assert button.text == 'Войти', \"Unexpected text on button\"\n        # Кликаем по кнопке\n        button.click()\n    \n        # Вводим правильный email\n        email = browser.find_element(By.CSS_SELECTOR, value=\"#login-email\")\n        email.click()\n        email.send_keys(\"gric.vika@mail.ru\")\n    \n        # Вводим правильный пароль\n        password = browser.find_element(By.CSS_SELECTOR, value=\"#login-password\")\n        password.click()\n        password.send_keys(\"gv8061986\")\n    \n        # Ищем кнопку \"Войти\"\n        button = browser.find_element(By.CSS_SELECTOR, value=\"button[class*='VyAyj'] div\")\n        # Проверяем текст на кнопке\n        assert button.text == 'Войти', \"Unexpected text on button\"\n        # Кликаем по кнопке\n        button.click()\n    \n        time.sleep(2)\n    \n        # Ищем поисковую строку\n        search = browser.find_element(By.CSS_SELECTOR, value=\"#catalogSearch\")\n    \n        # Находим атрибут нужного значения (перед вводом текста)\n        search_text = search.get_attribute(\"value\")\n        assert search.text == \"\", \"Unexpected attribute value\"\n    \n        # Вводим текст в строку поиска\n        search.send_keys(\"Ноутбук HP\")\n    \n        # Нажимаем кнопку enter\n        search.send_keys(Keys.ENTER)\n    \n        # Проверяем, что значение атрибута изменилось(после ввода текста)\n        search = browser.find_element(By.CSS_SELECTOR, value=\"#catalogSearch\")\n>       search_text = search.get_attribute(\"value\")\n\ntest\\test_main.py:377: \n_ _ _ _ _ _ _ _ _ _ _ _ _ _ _ _ _ _ _ _ _ _ _ _ _ _ _ _ _ _ _ _ _ _ _ _ _ _ _ _ _ _ _ _ _ _ _ _ _ _ _ _ _ _ _ _ _ _ _ _ _ _ _\n..\\..\\AppData\\Local\\Programs\\Python\\Python312\\Lib\\site-packages\\selenium\\webdriver\\remote\\webelement.py:178: in get_attribute\n    attribute_value = self.parent.execute_script(\n..\\..\\AppData\\Local\\Programs\\Python\\Python312\\Lib\\site-packages\\selenium\\webdriver\\remote\\webdriver.py:407: in execute_script\n    return self.execute(command, {\"script\": script, \"args\": converted_args})[\"value\"]\n..\\..\\AppData\\Local\\Programs\\Python\\Python312\\Lib\\site-packages\\selenium\\webdriver\\remote\\webdriver.py:347: in execute\n    self.error_handler.check_response(response)\n_ _ _ _ _ _ _ _ _ _ _ _ _ _ _ _ _ _ _ _ _ _ _ _ _ _ _ _ _ _ _ _ _ _ _ _ _ _ _ _ _ _ _ _ _ _ _ _ _ _ _ _ _ _ _ _ _ _ _ _ _ _ _\n\nself = <selenium.webdriver.remote.errorhandler.ErrorHandler object at 0x0000022DC1091280>\nresponse = {'status': 404, 'value': '{\"value\":{\"error\":\"stale element reference\",\"message\":\"stale element reference: stale elemen...\\n\\\\tRtlGetAppContainerNamedObjectPath [0x773A662D+237]\\\\n\\\\tRtlGetAppContainerNamedObjectPath [0x773A65FD+189]\\\\n\"}}'}\n\n    def check_response(self, response: Dict[str, Any]) -> None:\n        \"\"\"Checks that a JSON response from the WebDriver does not have an\n        error.\n    \n        :Args:\n         - response - The JSON response from the WebDriver server as a dictionary\n           object.\n    \n        :Raises: If the response contains an error message.\n        \"\"\"\n        status = response.get(\"status\", None)\n        if not status or status == ErrorCode.SUCCESS:\n            return\n        value = None\n        message = response.get(\"message\", \"\")\n        screen: str = response.get(\"screen\", \"\")\n        stacktrace = None\n        if isinstance(status, int):\n            value_json = response.get(\"value\", None)\n            if value_json and isinstance(value_json, str):\n                import json\n    \n                try:\n                    value = json.loads(value_json)\n                    if len(value) == 1:\n                        value = value[\"value\"]\n                    status = value.get(\"error\", None)\n                    if not status:\n                        status = value.get(\"status\", ErrorCode.UNKNOWN_ERROR)\n                        message = value.get(\"value\") or value.get(\"message\")\n                        if not isinstance(message, str):\n                            value = message\n                            message = message.get(\"message\")\n                    else:\n                        message = value.get(\"message\", None)\n                except ValueError:\n                    pass\n    \n        exception_class: Type[WebDriverException]\n        e = ErrorCode()\n        error_codes = [item for item in dir(e) if not item.startswith(\"__\")]\n        for error_code in error_codes:\n            error_info = getattr(ErrorCode, error_code)\n            if isinstance(error_info, list) and status in error_info:\n                exception_class = getattr(ExceptionMapping, error_code, WebDriverException)\n                break\n        else:\n            exception_class = WebDriverException\n    \n        if not value:\n            value = response[\"value\"]\n        if isinstance(value, str):\n            raise exception_class(value)\n        if message == \"\" and \"message\" in value:\n            message = value[\"message\"]\n    \n        screen = None  # type: ignore[assignment]\n        if \"screen\" in value:\n            screen = value[\"screen\"]\n    \n        stacktrace = None\n        st_value = value.get(\"stackTrace\") or value.get(\"stacktrace\")\n        if st_value:\n            if isinstance(st_value, str):\n                stacktrace = st_value.split(\"\\n\")\n            else:\n                stacktrace = []\n                try:\n                    for frame in st_value:\n                        line = frame.get(\"lineNumber\", \"\")\n                        file = frame.get(\"fileName\", \"<anonymous>\")\n                        if line:\n                            file = f\"{file}:{line}\"\n                        meth = frame.get(\"methodName\", \"<anonymous>\")\n                        if \"className\" in frame:\n                            meth = f\"{frame['className']}.{meth}\"\n                        msg = \"    at %s (%s)\"\n                        msg = msg % (meth, file)\n                        stacktrace.append(msg)\n                except TypeError:\n                    pass\n        if exception_class == UnexpectedAlertPresentException:\n            alert_text = None\n            if \"data\" in value:\n                alert_text = value[\"data\"].get(\"text\")\n            elif \"alert\" in value:\n                alert_text = value[\"alert\"].get(\"text\")\n            raise exception_class(message, screen, stacktrace, alert_text)  # type: ignore[call-arg]  # mypy is not smart enough here\n>       raise exception_class(message, screen, stacktrace)\nE       selenium.common.exceptions.StaleElementReferenceException: Message: stale element reference: stale element not found\nE         (Session info: chrome=126.0.6478.114); For documentation on this error, please visit: https://www.selenium.dev/documentation/webdriver/troubleshooting/errors#stale-element-reference-exception\nE       Stacktrace:\nE       \tGetHandleVerifier [0x012DC1C3+27395]\nE       \t(No symbol) [0x01273DC4]\nE       \t(No symbol) [0x01171B7F]\nE       \t(No symbol) [0x0117FE47]\nE       \t(No symbol) [0x0118063E]\nE       \t(No symbol) [0x0117774B]\nE       \t(No symbol) [0x01180664]\nE       \t(No symbol) [0x0117774B]\nE       \t(No symbol) [0x01175A84]\nE       \t(No symbol) [0x01178B7F]\nE       \t(No symbol) [0x011ED51B]\nE       \t(No symbol) [0x011D399C]\nE       \t(No symbol) [0x011ECB24]\nE       \t(No symbol) [0x011D3736]\nE       \t(No symbol) [0x011A7541]\nE       \t(No symbol) [0x011A80BD]\nE       \tGetHandleVerifier [0x01593A93+2876371]\nE       \tGetHandleVerifier [0x015E7F5D+3221661]\nE       \tGetHandleVerifier [0x0135D634+556916]\nE       \tGetHandleVerifier [0x0136474C+585868]\nE       \t(No symbol) [0x0127CE04]\nE       \t(No symbol) [0x01279818]\nE       \t(No symbol) [0x012799B7]\nE       \t(No symbol) [0x0126BF0E]\nE       \tBaseThreadInitThunk [0x75990419+25]\nE       \tRtlGetAppContainerNamedObjectPath [0x773A662D+237]\nE       \tRtlGetAppContainerNamedObjectPath [0x773A65FD+189]\n\n..\\..\\AppData\\Local\\Programs\\Python\\Python312\\Lib\\site-packages\\selenium\\webdriver\\remote\\errorhandler.py:229: StaleElementReferenceException"}, "description": "\n    SMK-6. Purchase of goods\n    ", "start": 1719311677807, "stop": 1719311696162, "uuid": "c85bb9f1-4103-4d30-898b-039e8ec745db", "historyId": "a4b2f3e9d987e2562a7c984f6f09fb1b", "testCaseId": "a4b2f3e9d987e2562a7c984f6f09fb1b", "fullName": "test.test_main#test_purchase_of_goods", "labels": [{"name": "parentSuite", "value": "test"}, {"name": "suite", "value": "test_main"}, {"name": "host", "value": "DESKTOP-GQEQM8A"}, {"name": "thread", "value": "1408-MainThread"}, {"name": "framework", "value": "pytest"}, {"name": "language", "value": "cpython3"}, {"name": "package", "value": "test.test_main"}]}